<?xml version="1.0" encoding="UTF-8"?>
<testng-results ignored="0" total="0" passed="0" failed="0" skipped="0">
  <reporter-output>
  </reporter-output>
  <suite started-at="2022-02-11T18:39:10 EET" name="labDemoTest" finished-at="2022-02-11T18:39:10 EET" duration-ms="8">
    <groups>
    </groups>
    <test started-at="2022-02-11T18:39:10 EET" name="Command line test" finished-at="2022-02-11T18:39:10 EET" duration-ms="8">
    </test> <!-- Command line test -->
  </suite> <!-- labDemoTest -->
</testng-results>
